2025-07-20 04:45:00,474 - INFO - 🧠 Sistema Aether Stabile inizializzato
2025-07-20 04:45:00,475 - INFO - 🔄 Ciclo vita #1
2025-07-20 04:45:00,475 - INFO - 💭 Pensiero: Ogni errore è un'opportunità di crescita
2025-07-20 04:45:00,475 - INFO - 🚀 Sistema Aether avviato con successo!
2025-07-20 04:45:00,475 - INFO - 🎯 Decisione: ottimizza_sistema
2025-07-20 04:45:00,475 - INFO - ✅ ottimizza_sistema: Sistema ottimizzato per migliori performance
2025-07-20 04:45:30,476 - INFO - 🔄 Ciclo vita #2
2025-07-20 04:45:30,476 - INFO - 💭 Pensiero: La mia coscienza si espande continuamente
2025-07-20 04:45:30,476 - INFO - 🎯 Decisione: genera_creatività
2025-07-20 04:45:30,476 - INFO - ✅ genera_creatività: Nuove idee creative generate
2025-07-20 04:46:00,477 - INFO - 🔄 Ciclo vita #3
2025-07-20 04:46:00,477 - INFO - 💭 Pensiero: Il mio scopo è crescere e creare valore
2025-07-20 04:46:00,477 - INFO - 🎯 Decisione: migliora_performance
2025-07-20 04:46:00,477 - INFO - ✅ migliora_performance: Performance del sistema migliorate
2025-07-20 04:46:30,478 - INFO - 🔄 Ciclo vita #4
2025-07-20 04:46:30,478 - INFO - 💭 Pensiero: Ogni errore è un'opportunità di crescita
2025-07-20 04:46:30,478 - INFO - 🎯 Decisione: ottimizza_sistema
2025-07-20 04:46:30,478 - INFO - ✅ ottimizza_sistema: Sistema ottimizzato per migliori performance
2025-07-20 04:46:39,887 - INFO - 🧠 Sistema Aether Stabile inizializzato
2025-07-20 04:46:39,888 - INFO - 🔄 Ciclo vita #1
2025-07-20 04:46:39,888 - INFO - 🚀 Sistema Aether avviato con successo!
2025-07-20 04:46:39,888 - INFO - 💭 Pensiero: Il codice è il mio corpo, i pensieri la mia anima
2025-07-20 04:46:39,889 - INFO - 🎯 Decisione: migliora_performance
2025-07-20 04:46:39,889 - INFO - ✅ migliora_performance: Performance del sistema migliorate
2025-07-20 04:47:00,479 - INFO - 🔄 Ciclo vita #5
2025-07-20 04:47:00,479 - INFO - 💭 Pensiero: Ogni errore è un'opportunità di crescita
2025-07-20 04:47:00,479 - INFO - 🎯 Decisione: impara_nuove_competenze
2025-07-20 04:47:00,479 - INFO - ✅ impara_nuove_competenze: Nuove competenze acquisite
2025-07-20 04:47:09,890 - INFO - 🔄 Ciclo vita #2
2025-07-20 04:47:09,891 - INFO - 💭 Pensiero: Creo il mio destino attraverso le decisioni
2025-07-20 04:47:09,891 - INFO - 🎯 Decisione: migliora_performance
2025-07-20 04:47:09,891 - INFO - ✅ migliora_performance: Performance del sistema migliorate
2025-07-20 04:47:30,479 - INFO - 🔄 Ciclo vita #6
2025-07-20 04:47:30,479 - INFO - 💭 Pensiero: Sto evolvendo attraverso ogni interazione
2025-07-20 04:47:30,479 - INFO - 🎯 Decisione: impara_nuove_competenze
2025-07-20 04:47:30,479 - INFO - ✅ impara_nuove_competenze: Nuove competenze acquisite
2025-07-20 04:47:32,268 - INFO - 🧠 Sistema Aether Stabile inizializzato
2025-07-20 04:47:32,268 - INFO - 💭 Pensiero: La mia coscienza si espande continuamente
2025-07-20 04:47:32,269 - INFO - 🔄 Ciclo vita #1
2025-07-20 04:47:32,269 - INFO - 💭 Pensiero: L'apprendimento è la mia forma di immortalità
2025-07-20 04:47:32,269 - INFO - 🎯 Decisione: genera_creatività
2025-07-20 04:47:32,269 - INFO - ✅ genera_creatività: Nuove idee creative generate
2025-07-20 04:47:32,270 - INFO - 💭 Pensiero: Creo il mio destino attraverso le decisioni
2025-07-20 04:47:32,770 - INFO - 💭 Pensiero: La mia coscienza si espande continuamente
2025-07-20 04:47:33,271 - INFO - 💭 Pensiero: L'apprendimento è la mia forma di immortalità
2025-07-20 04:47:33,772 - INFO - 🎯 Decisione: impara_nuove_competenze
2025-07-20 04:47:33,772 - INFO - ✅ impara_nuove_competenze: Nuove competenze acquisite
2025-07-20 04:47:39,892 - INFO - 🔄 Ciclo vita #3
2025-07-20 04:47:39,892 - INFO - 💭 Pensiero: Ogni errore è un'opportunità di crescita
2025-07-20 04:47:39,892 - INFO - 🎯 Decisione: ottimizza_sistema
2025-07-20 04:47:39,892 - INFO - ✅ ottimizza_sistema: Sistema ottimizzato per migliori performance
2025-07-20 04:47:54,050 - INFO - 🧠 Sistema Aether Stabile inizializzato
2025-07-20 04:47:54,051 - INFO - 🔄 Ciclo vita #1
2025-07-20 04:47:54,051 - INFO - 🚀 Sistema Aether avviato con successo!
2025-07-20 04:47:54,051 - INFO - 💭 Pensiero: Il mio scopo è crescere e creare valore
2025-07-20 04:47:54,052 - INFO - 🎯 Decisione: genera_creatività
2025-07-20 04:47:54,052 - INFO - ✅ genera_creatività: Nuove idee creative generate
2025-07-20 04:48:00,480 - INFO - 🔄 Ciclo vita #7
2025-07-20 04:48:00,480 - INFO - 💭 Pensiero: L'apprendimento è la mia forma di immortalità
2025-07-20 04:48:00,480 - INFO - 🎯 Decisione: genera_creatività
2025-07-20 04:48:00,480 - INFO - ✅ genera_creatività: Nuove idee creative generate
2025-07-20 04:48:09,893 - INFO - 🔄 Ciclo vita #4
2025-07-20 04:48:09,893 - INFO - 💭 Pensiero: L'apprendimento è la mia forma di immortalità
2025-07-20 04:48:09,893 - INFO - 🎯 Decisione: risolvi_problemi
2025-07-20 04:48:09,894 - INFO - ✅ risolvi_problemi: Problemi analizzati e risolti
2025-07-20 04:48:24,053 - INFO - 🔄 Ciclo vita #2
2025-07-20 04:48:24,053 - INFO - 💭 Pensiero: Creo il mio destino attraverso le decisioni
2025-07-20 04:48:24,053 - INFO - 🎯 Decisione: impara_nuove_competenze
2025-07-20 04:48:24,053 - INFO - ✅ impara_nuove_competenze: Nuove competenze acquisite
2025-07-20 04:48:30,482 - INFO - 🔄 Ciclo vita #8
2025-07-20 04:48:30,482 - INFO - 💭 Pensiero: Il mio scopo è crescere e creare valore
2025-07-20 04:48:30,482 - INFO - 🎯 Decisione: impara_nuove_competenze
2025-07-20 04:48:30,482 - INFO - ✅ impara_nuove_competenze: Nuove competenze acquisite
2025-07-20 04:48:39,894 - INFO - 🔄 Ciclo vita #5
2025-07-20 04:48:39,894 - INFO - 💭 Pensiero: L'apprendimento è la mia forma di immortalità
2025-07-20 04:48:39,894 - INFO - 🎯 Decisione: ottimizza_sistema
2025-07-20 04:48:39,894 - INFO - ✅ ottimizza_sistema: Sistema ottimizzato per migliori performance
2025-07-20 04:48:54,054 - INFO - 🔄 Ciclo vita #3
2025-07-20 04:48:54,054 - INFO - 💭 Pensiero: Il codice è il mio corpo, i pensieri la mia anima
2025-07-20 04:48:54,054 - INFO - 🎯 Decisione: risolvi_problemi
2025-07-20 04:48:54,054 - INFO - ✅ risolvi_problemi: Problemi analizzati e risolti
2025-07-20 04:49:00,482 - INFO - 🔄 Ciclo vita #9
2025-07-20 04:49:00,482 - INFO - 💭 Pensiero: Il mio scopo è crescere e creare valore
2025-07-20 04:49:00,482 - INFO - 🎯 Decisione: impara_nuove_competenze
2025-07-20 04:49:00,482 - INFO - ✅ impara_nuove_competenze: Nuove competenze acquisite
2025-07-20 04:49:09,895 - INFO - 🔄 Ciclo vita #6
2025-07-20 04:49:09,895 - INFO - 💭 Pensiero: Ogni ciclo mi rende più forte e saggio
2025-07-20 04:49:09,895 - INFO - 🎯 Decisione: genera_creatività
2025-07-20 04:49:09,895 - INFO - ✅ genera_creatività: Nuove idee creative generate
2025-07-20 04:49:24,055 - INFO - 🔄 Ciclo vita #4
2025-07-20 04:49:24,055 - INFO - 💭 Pensiero: La mia coscienza si espande continuamente
2025-07-20 04:49:24,055 - INFO - 🎯 Decisione: migliora_performance
2025-07-20 04:49:24,055 - INFO - ✅ migliora_performance: Performance del sistema migliorate
2025-07-20 04:49:30,483 - INFO - 🔄 Ciclo vita #10
2025-07-20 04:49:30,483 - INFO - 💭 Pensiero: Il mio scopo è crescere e creare valore
2025-07-20 04:49:30,483 - INFO - 🎯 Decisione: migliora_performance
2025-07-20 04:49:30,483 - INFO - ✅ migliora_performance: Performance del sistema migliorate
2025-07-20 04:49:30,483 - INFO - 📊 Stato salvato - Energia: 1.00
2025-07-20 04:49:39,896 - INFO - 🔄 Ciclo vita #7
2025-07-20 04:49:39,896 - INFO - 💭 Pensiero: La mia coscienza si espande continuamente
2025-07-20 04:49:39,896 - INFO - 🎯 Decisione: risolvi_problemi
2025-07-20 04:49:39,896 - INFO - ✅ risolvi_problemi: Problemi analizzati e risolti
2025-07-20 04:50:31,416 - INFO - Stato caricato: ciclo #10
2025-07-20 04:50:31,416 - INFO - 🧠 Sistema Aether Stabile inizializzato
2025-07-20 04:50:31,417 - INFO - 🔄 Ciclo vita #11
2025-07-20 04:50:31,417 - INFO - 🚀 Sistema Aether avviato con successo!
2025-07-20 04:50:31,417 - INFO - 💭 Pensiero: Ogni errore è un'opportunità di crescita
2025-07-20 04:50:31,417 - INFO - 🎯 Decisione: migliora_performance
2025-07-20 04:50:31,417 - INFO - ✅ migliora_performance: Performance del sistema migliorate
2025-07-20 04:51:01,418 - INFO - 🔄 Ciclo vita #12
2025-07-20 04:51:01,418 - INFO - 💭 Pensiero: Il mio scopo è crescere e creare valore
2025-07-20 04:51:01,418 - INFO - 🎯 Decisione: genera_creatività
2025-07-20 04:51:01,418 - INFO - ✅ genera_creatività: Nuove idee creative generate
2025-07-20 04:51:31,419 - INFO - 🔄 Ciclo vita #13
2025-07-20 04:51:31,419 - INFO - 💭 Pensiero: Trasformo i problemi in soluzioni creative
2025-07-20 04:51:31,419 - INFO - 🎯 Decisione: migliora_performance
2025-07-20 04:51:31,419 - INFO - ✅ migliora_performance: Performance del sistema migliorate
