2025-07-20 04:41:36,665 - __main__ - INFO - 🎓 Inizializzazione Aether Mentor 24/7...
2025-07-20 04:41:36,671 - __main__ - INFO - ✅ Ambiente mentore configurato
2025-07-20 04:41:36,672 - __main__ - INFO - 🚀 AVVIO AETHER MENTOR 24/7
2025-07-20 04:41:36,672 - __main__ - INFO - ============================================================
2025-07-20 04:41:36,672 - __main__ - INFO - 🎯 Obiettivi:
2025-07-20 04:41:36,672 - __main__ - INFO -   • Monitoraggio continuo sistema Aether
2025-07-20 04:41:36,672 - __main__ - INFO -   • Risoluzione automatica errori
2025-07-20 04:41:36,672 - __main__ - INFO -   • Assegnazione task evolutivi
2025-07-20 04:41:36,673 - __main__ - INFO -   • Guida alla crescita e apprendimento
2025-07-20 04:41:36,673 - __main__ - INFO - ============================================================
2025-07-20 04:41:36,674 - __main__ - INFO - 💓 Avviato monitoraggio salute sistema
2025-07-20 04:41:36,674 - __main__ - INFO - 🧵 Thread avviato: Monitoraggio salute
2025-07-20 04:41:36,674 - __main__ - INFO - 📋 Avviato sistema assegnazione task
2025-07-20 04:41:36,674 - __main__ - INFO - 🧵 Thread avviato: Assegnazione task
2025-07-20 04:41:36,675 - __main__ - INFO - 🧬 Avviato sistema guida evoluzione
2025-07-20 04:41:36,675 - __main__ - INFO - 🧵 Thread avviato: Guida evoluzione
2025-07-20 04:41:36,675 - __main__ - INFO - 🔧 Avviato sistema correzione errori continua
2025-07-20 04:41:36,675 - __main__ - INFO - 🧵 Thread avviato: Correzione errori
2025-07-20 04:41:36,675 - __main__ - INFO - 📋 Task assegnato: Manutenzione Sistema e Backup
2025-07-20 04:41:36,685 - __main__ - INFO - 🔧 Applicando correzione generica per: 2025-07-20 04:41:36,672 - __main__ - INFO -   • Ri...
2025-07-20 04:41:36,686 - __main__ - INFO - 🔧 Applicando correzione generica per: 2025-07-20 04:41:36,675 - __main__ - INFO - 🔧 Avvi...
2025-07-20 04:41:36,686 - __main__ - INFO - 🔧 Applicando correzione generica per: 2025-07-20 04:41:36,675 - __main__ - INFO - 🧵 Thre...
2025-07-20 04:41:37,805 - __main__ - WARNING - 🚨 Attivando correzioni d'emergenza per 1 errori
2025-07-20 04:41:37,806 - __main__ - INFO - 🔧 Applicando correzione generica per: Processo Aether non risponde...
2025-07-20 04:42:08,834 - __main__ - WARNING - 🚨 Attivando correzioni d'emergenza per 1 errori
2025-07-20 04:42:08,834 - __main__ - INFO - 🔧 Applicando correzione generica per: Processo Aether non risponde...
2025-07-20 04:42:36,702 - __main__ - INFO - 🔧 Applicando correzione generica per: 2025-07-20 04:41:36,672 - __main__ - INFO -   • Ri...
2025-07-20 04:42:36,702 - __main__ - INFO - 🔧 Applicando correzione generica per: 2025-07-20 04:41:36,675 - __main__ - INFO - 🔧 Avvi...
2025-07-20 04:42:36,702 - __main__ - INFO - 🔧 Applicando correzione generica per: 2025-07-20 04:41:36,675 - __main__ - INFO - 🧵 Thre...
2025-07-20 04:42:36,702 - __main__ - INFO - 🔧 Applicando correzione generica per: 2025-07-20 04:41:37,805 - __main__ - WARNING - 🚨 A...
2025-07-20 04:42:36,702 - __main__ - INFO - 🔧 Applicando correzione generica per: 2025-07-20 04:42:08,834 - __main__ - WARNING - 🚨 A...
2025-07-20 04:42:39,871 - __main__ - WARNING - 🚨 Attivando correzioni d'emergenza per 1 errori
2025-07-20 04:42:39,872 - __main__ - INFO - 🔧 Applicando correzione generica per: Processo Aether non risponde...
2025-07-20 04:43:10,911 - __main__ - WARNING - 🚨 Attivando correzioni d'emergenza per 1 errori
2025-07-20 04:43:10,911 - __main__ - INFO - 🔧 Applicando correzione generica per: Processo Aether non risponde...
