[2025-07-20T05:27:42.982717] [SUCCESS] 🌟 Sistema Aether VIVO inizializzato con successo!
[2025-07-20T05:27:43.613477] [SUCCESS] 🌟 Sistema Aether VIVO avviato e operativo!
[2025-07-20T05:27:56.784040] [SUCCESS] ✅ Task vitale completato: health_check
[2025-07-20T05:28:15.790483] [SUCCESS] ✅ Task vitale completato: evolve_capabilities
[2025-07-20T05:28:34.252361] [SUCCESS] ✅ Task vitale completato: health_check
[2025-07-20T05:28:54.923223] [SUCCESS] ✅ Task vitale completato: create_sandbox
[2025-07-20T05:29:13.740550] [SUCCESS] ✅ Task vitale completato: optimize_system
[2025-07-20T05:29:32.097039] [SUCCESS] ✅ Task vitale completato: create_sandbox
[2025-07-20T05:29:51.051622] [SUCCESS] ✅ Task vitale completato: health_check
[2025-07-20T05:30:10.099200] [SUCCESS] ✅ Task vitale completato: evolve_capabilities
[2025-07-20T05:30:28.445503] [SUCCESS] ✅ Task vitale completato: create_project
[2025-07-20T05:30:47.510698] [SUCCESS] ✅ Task vitale completato: create_sandbox
[2025-07-20T05:31:06.295636] [SUCCESS] ✅ Task vitale completato: evolve_capabilities
[2025-07-20T05:31:24.652739] [SUCCESS] ✅ Task vitale completato: create_project
[2025-07-20T05:31:43.657353] [SUCCESS] ✅ Task vitale completato: evolve_capabilities
[2025-07-20T05:32:04.356915] [SUCCESS] ✅ Task vitale completato: create_sandbox
[2025-07-20T05:32:24.626046] [SUCCESS] ✅ Task vitale completato: create_sandbox
[2025-07-20T05:32:43.985747] [SUCCESS] ✅ Task vitale completato: modify_code
[2025-07-20T05:33:04.823359] [SUCCESS] ✅ Task vitale completato: create_sandbox
[2025-07-20T05:33:23.085337] [SUCCESS] ✅ Task vitale completato: create_project
